<?xml version="1.0" encoding="UTF-8"?>
<!-- Generated by org.testng.reporters.JUnitReportReporter -->
<testsuite hostname="TYSS-Channaveerayya" failures="0" tests="1" name="com.practce.test01" time="19.164" errors="0" timestamp="2023-08-08T11:50:07 IST" skipped="0">
  <testcase classname="com.practce.test01" name="gridPractice" time="19.164"/>
</testsuite> <!-- com.practce.test01 -->
