<?xml version="1.0" encoding="UTF-8"?>
<!-- Generated by org.testng.reporters.JUnitReportReporter -->
<testsuite hostname="TYSS-Channaveerayya" failures="0" tests="3" name="com.practce.ThreeMethods" time="87.440" errors="0" timestamp="2023-08-08T12:01:34 IST" skipped="0">
  <testcase classname="com.practce.ThreeMethods" name="gridPracticeGmail" time="18.767"/>
  <testcase classname="com.practce.ThreeMethods" name="gridPracticeInstagram" time="36.272"/>
  <testcase classname="com.practce.ThreeMethods" name="gridPracticeFacebook" time="32.401"/>
</testsuite> <!-- com.practce.ThreeMethods -->
