<?xml version="1.0" encoding="UTF-8"?>
<!-- Generated by org.testng.reporters.JUnitReportReporter -->
<testsuite hostname="TYSS-Channaveerayya" failures="0" tests="1" name="com.practce.Facebook" time="33.572" errors="0" timestamp="2023-08-08T11:56:29 IST" skipped="0">
  <testcase classname="com.practce.Facebook" name="gridPracticeFacebook" time="33.572"/>
</testsuite> <!-- com.practce.Facebook -->
