<?xml version="1.0" encoding="UTF-8"?>
<!-- Generated by org.testng.reporters.JUnitReportReporter -->
<testsuite hostname="TYSS-Channaveerayya" failures="0" tests="2" name="com.practce.CrossBrowser" time="52.877" errors="0" timestamp="2023-08-08T12:57:35 IST" skipped="0">
  <testcase classname="com.practce.CrossBrowser" name="facebook" time="35.437"/>
  <testcase classname="com.practce.CrossBrowser" name="gmail" time="17.440"/>
</testsuite> <!-- com.practce.CrossBrowser -->
