<?xml version="1.0" encoding="UTF-8"?>
<!-- Generated by org.testng.reporters.JUnitReportReporter -->
<testsuite hostname="TYSS-Channaveerayya" failures="0" tests="1" name="com.practce.Firefox" time="29.981" errors="0" timestamp="2023-08-08T12:48:12 IST" skipped="0">
  <testcase classname="com.practce.Firefox" name="gridPracticeGmail" time="29.981"/>
</testsuite> <!-- com.practce.Firefox -->
