<?xml version="1.0" encoding="UTF-8"?>
<!-- Generated by org.testng.reporters.JUnitReportReporter -->
<testsuite hostname="TYSS-Channaveerayya" failures="0" tests="2" name="com.practce.TwoMethods" time="53.037" errors="0" timestamp="2023-08-08T12:50:25 IST" skipped="0">
  <testcase classname="com.practce.TwoMethods" name="gridPracticeGmail" time="17.777"/>
  <testcase classname="com.practce.TwoMethods" name="gridPracticeFacebook" time="35.260"/>
</testsuite> <!-- com.practce.TwoMethods -->
