<?xml version="1.0" encoding="UTF-8"?>
<!-- Generated by org.testng.reporters.JUnitReportReporter -->
<testsuite hostname="TYSS-Channaveerayya" failures="0" tests="2" name="com.practce.DistriButedParallel" time="49.568" errors="0" timestamp="2023-08-08T12:58:33 IST" skipped="0">
  <testcase classname="com.practce.DistriButedParallel" name="facebook" time="31.992"/>
  <testcase classname="com.practce.DistriButedParallel" name="gmail" time="17.576"/>
</testsuite> <!-- com.practce.DistriButedParallel -->
