<?xml version="1.0" encoding="UTF-8"?>
<!-- Generated by org.testng.reporters.JUnitReportReporter -->
<testsuite hostname="TYSS-Channaveerayya" failures="0" tests="1" name="com.practce.Gmail" time="20.946" errors="0" timestamp="2023-08-08T11:56:29 IST" skipped="0">
  <testcase classname="com.practce.Gmail" name="gridPracticeGmail" time="20.946"/>
</testsuite> <!-- com.practce.Gmail -->
