<?xml version="1.0" encoding="UTF-8"?>
<!-- Generated by org.testng.reporters.JUnitReportReporter -->
<testsuite hostname="TYSS-Channaveerayya" failures="0" tests="1" name="com.practce.Param" time="3.219" errors="0" timestamp="2023-08-08T16:43:45 IST" skipped="0">
  <testcase classname="com.practce.Param" name="launchBrowser" time="3.219"/>
  <system-out/>
</testsuite> <!-- com.practce.Param -->
